<?xml version="1.0" encoding="UTF-8"?>
<testsuites>
  <testsuite id="0" name="/Users/RobertoHernandez/kenzan/OSS/react-seed/src/components/contactList/contactList.spec.tsx" errors="0" package="/Users/RobertoHernandez/kenzan/OSS/react-seed/src/components/contactList/contactList.spec.tsx" hostname="localhost" tests="6" failures="0" time="1.422" timestamp="2017-07-11T19:16:08">
    <properties>
    </properties>
    <testcase classname="&lt;ContactList /&gt;" name="should not be null" time="0">
    </testcase>
    <testcase classname="&lt;ContactList /&gt;" name="should render correct classNames" time="0">
    </testcase>
    <testcase classname="should render a &lt;ContactInfo/&gt; component per each contact passed" name="should render no ContactInfo" time="0">
    </testcase>
    <testcase classname="should render a &lt;ContactInfo/&gt; component per each contact passed" name="should render one Contact" time="0">
    </testcase>
    <testcase classname="should render a &lt;ContactInfo/&gt; component per each contact passed" name="should render two Contact" time="0">
    </testcase>
    <testcase classname="should render a &lt;ContactInfo/&gt; component per each contact passed" name="should render all Contact" time="0">
    </testcase>
    <system-out/>
    <system-err/>
  </testsuite>
  <testsuite id="1" name="/Users/RobertoHernandez/kenzan/OSS/react-seed/src/components/bootstrap/bootstrap.spec.tsx" errors="0" package="/Users/RobertoHernandez/kenzan/OSS/react-seed/src/components/bootstrap/bootstrap.spec.tsx" hostname="localhost" tests="1" failures="0" time="0.221" timestamp="2017-07-11T19:16:10">
    <properties>
    </properties>
    <testcase classname="&lt;Bootstrap /&gt;" name="should not be null" time="0">
    </testcase>
    <system-out/>
    <system-err/>
  </testsuite>
  <testsuite id="2" name="/Users/RobertoHernandez/kenzan/OSS/react-seed/src/components/contactInfo/contactInfo.spec.tsx" errors="0" package="/Users/RobertoHernandez/kenzan/OSS/react-seed/src/components/contactInfo/contactInfo.spec.tsx" hostname="localhost" tests="8" failures="0" time="0.172" timestamp="2017-07-11T19:16:10">
    <properties>
    </properties>
    <testcase classname="&lt;ContactInfo /&gt;" name="should not be null" time="0">
    </testcase>
    <testcase classname="&lt;ContactInfo /&gt;" name="should throw if contact prop is not passed or if contact prop has no firstName" time="0">
    </testcase>
    <testcase classname="use cases" name="should render a contact that only has a firstName prop" time="0">
    </testcase>
    <testcase classname="use cases" name="should render a contact icon when no image url is passed" time="0">
    </testcase>
    <testcase classname="use cases" name="should render a contact img when image url is passed" time="0">
    </testcase>
    <testcase classname="use cases" name="should render correctly for sampleContacts case Joe" time="0">
    </testcase>
    <testcase classname="use cases" name="should render correctly for sampleContacts case Jane" time="0">
    </testcase>
    <testcase classname="use cases" name="should render correctly for sampleContacts case Omar" time="0">
    </testcase>
    <system-out/>
    <system-err/>
  </testsuite>
  <testsuite id="3" name="/Users/RobertoHernandez/kenzan/OSS/react-seed/src/components/footer/footer.spec.tsx" errors="0" package="/Users/RobertoHernandez/kenzan/OSS/react-seed/src/components/footer/footer.spec.tsx" hostname="localhost" tests="12" failures="0" time="0.175" timestamp="2017-07-11T19:16:10">
    <properties>
    </properties>
    <testcase classname="&lt;Footer /&gt;" name="footer should not be null" time="0">
    </testcase>
    <testcase classname="&lt;Footer /&gt;" name="should have the proper value for state &quot;copyright&quot;" time="0">
    </testcase>
    <testcase classname="&lt;Footer /&gt;" name="footer should have a &quot;footer&quot; element" time="0">
    </testcase>
    <testcase classname="&lt;Footer /&gt;" name="footer should have a &quot;paragraph&quot; element" time="0">
    </testcase>
    <testcase classname="&lt;Footer /&gt;" name="footer should have a &quot;link &lt;a&gt;&quot; element" time="0">
    </testcase>
    <testcase classname="&lt;Footer /&gt;" name="footer should have a w-100 class" time="0">
    </testcase>
    <testcase classname="&lt;Footer /&gt;" name="footer &lt;p&gt; should have a text-muted class" time="0">
    </testcase>
    <testcase classname="&lt;Footer /&gt;" name="footer &lt;p&gt; should have a text-center class" time="0">
    </testcase>
    <testcase classname="&lt;Footer /&gt;" name="footer &lt;p&gt; should have a my-2 class" time="0">
    </testcase>
    <testcase classname="&lt;Footer /&gt;" name="footer &lt;p&gt; should have a navbar-inverse class" time="0">
    </testcase>
    <testcase classname="&lt;Footer /&gt;" name="footer &lt;p&gt; should have a bg-inverse class" time="0">
    </testcase>
    <testcase classname="&lt;Footer /&gt;" name="footer &lt;p&gt; should have a fixed-bottom class" time="0">
    </testcase>
    <system-out/>
    <system-err/>
  </testsuite>
  <testsuite id="4" name="/Users/RobertoHernandez/kenzan/OSS/react-seed/src/components/contactListForm/contactListForm.spec.tsx" errors="0" package="/Users/RobertoHernandez/kenzan/OSS/react-seed/src/components/contactListForm/contactListForm.spec.tsx" hostname="localhost" tests="1" failures="0" time="0.205" timestamp="2017-07-11T19:16:10">
    <properties>
    </properties>
    <testcase classname="&lt;ContactListForm /&gt;" name="should not be null" time="0">
    </testcase>
    <system-out/>
    <system-err/>
  </testsuite>
  <testsuite id="5" name="/Users/RobertoHernandez/kenzan/OSS/react-seed/src/components/navigation/navigation.spec.tsx" errors="0" package="/Users/RobertoHernandez/kenzan/OSS/react-seed/src/components/navigation/navigation.spec.tsx" hostname="localhost" tests="1" failures="0" time="0.176" timestamp="2017-07-11T19:16:11">
    <properties>
    </properties>
    <testcase classname="&lt;Navigation /&gt;" name="&lt;Navigation /&gt;" time="0">
    </testcase>
    <system-out/>
    <system-err/>
  </testsuite>
</testsuites>